<!DOCTYPE html>
<html>
<head>
    <title>Unittest Results</title>
    <meta charset="utf-8">
    <meta name="viewport" content="width=device-width, initial-scale=1.0">
    <link rel="stylesheet" href="https://maxcdn.bootstrapcdn.com/bootstrap/3.3.6/css/bootstrap.min.css" integrity="sha384-1q8mTJOASx8j1Au+a5WDVnPi2lkFfwwEAa8hDDdjZlpLegxhjVME1fgjWPGmkzs7" crossorigin="anonymous">
</head>
<body>
    <div class="container">
        <div class="row">
            <div class="col-xs-12">
                <h2 class="text-capitalize">Unittest Results</h2>
                <p class='attribute'><strong>Start Time: </strong>2023-05-10 09:04:48</p>
                <p class='attribute'><strong>Duration: </strong>102.62 s</p>
                <p class='attribute'><strong>Summary: </strong>Total: 1, Pass: 0, Error: 1</p>
            </div>
        </div>
        <div class="row">
            <div class="col-xs-12 col-sm-10 col-md-10">
                <table class='table table-hover table-responsive'>
                    <thead>
                        <tr>
                            <th>__main__.TestAgence</th>
                            <th>Status</th>
                            <th></th>
                        </tr>
                    </thead>
                    <tbody>
                        <tr class='warning'>
                            <td class="col-xs-10">test_addAgency</td>
                            <td class="col-xs-1">
                                <span class="label label-warning" style="display:block;width:40px;">Error</span>
                            </td>
                            <td class="col-xs-1">
                                <button class="btn btn-default btn-xs">View</button>
                            </td>
                        </tr>
                        <tr style="display:none;">
                            <td class="col-xs-9" colspan="3"><p style="color:maroon;">NoSuchElementException: Message: no such element: Unable to locate element: {"method":"css selector","selector":"[name="nom"]"}
  (Session info: chrome=112.0.5615.49)
Stacktrace:
#0 0x561b1908afe3 <unknown>
#1 0x561b18dc9d36 <unknown>
#2 0x561b18e06c4d <unknown>
#3 0x561b18e06d61 <unknown>
#4 0x561b18e426a4 <unknown>
#5 0x561b18e278ed <unknown>
#6 0x561b18e40232 <unknown>
#7 0x561b18e27693 <unknown>
#8 0x561b18dfa03a <unknown>
#9 0x561b18dfb17e <unknown>
#10 0x561b1904cdbd <unknown>
#11 0x561b19050c6c <unknown>
#12 0x561b1905a4b0 <unknown>
#13 0x561b19051d63 <unknown>
#14 0x561b19024c35 <unknown>
#15 0x561b19075138 <unknown>
#16 0x561b190752c7 <unknown>
#17 0x561b19083093 <unknown>
#18 0x7ff52d894b43 <unknown>
</p><p style="color:maroon;">Traceback (most recent call last):
  File "/home/oumar/abyster/Laboratoire_tests/tests_Admin/test_Agence.py", line 48, in test_addAgency
    nom_agence = driver.find_element(By.NAME, 'nom')
  File "/home/oumar/abyster/Laboratoire_tests/venv/lib/python3.10/site-packages/selenium/webdriver/remote/webdriver.py", line 831, in find_element
    return self.execute(Command.FIND_ELEMENT, {"using": by, "value": value})["value"]
  File "/home/oumar/abyster/Laboratoire_tests/venv/lib/python3.10/site-packages/selenium/webdriver/remote/webdriver.py", line 440, in execute
    self.error_handler.check_response(response)
  File "/home/oumar/abyster/Laboratoire_tests/venv/lib/python3.10/site-packages/selenium/webdriver/remote/errorhandler.py", line 245, in check_response
    raise exception_class(message, screen, stacktrace)
selenium.common.exceptions.NoSuchElementException: Message: no such element: Unable to locate element: {"method":"css selector","selector":"[name="nom"]"}
  (Session info: chrome=112.0.5615.49)
Stacktrace:
#0 0x561b1908afe3 <unknown>
#1 0x561b18dc9d36 <unknown>
#2 0x561b18e06c4d <unknown>
#3 0x561b18e06d61 <unknown>
#4 0x561b18e426a4 <unknown>
#5 0x561b18e278ed <unknown>
#6 0x561b18e40232 <unknown>
#7 0x561b18e27693 <unknown>
#8 0x561b18dfa03a <unknown>
#9 0x561b18dfb17e <unknown>
#10 0x561b1904cdbd <unknown>
#11 0x561b19050c6c <unknown>
#12 0x561b1905a4b0 <unknown>
#13 0x561b19051d63 <unknown>
#14 0x561b19024c35 <unknown>
#15 0x561b19075138 <unknown>
#16 0x561b190752c7 <unknown>
#17 0x561b19083093 <unknown>
#18 0x7ff52d894b43 <unknown>

</p>
                            </td>
                        </tr>
                        <tr>
                            <td colspan="3">
                                Total: 1, Pass: 0, Error: 1 -- Duration: 102.62 s
                            </td>
                        </tr>
                    </tbody>
                </table>
            </div>
        </div>
    </div>
    <script src="https://ajax.googleapis.com/ajax/libs/jquery/2.2.4/jquery.min.js"></script>
    <script type="text/javascript">
        $(document).ready(function(){
            $('td').on('click', '.btn', function(e){
                e.preventDefault();
                e.stopImmediatePropagation();
                var $this = $(this);
                var $nextRow = $this.closest('tr').next('tr');
                $nextRow.slideToggle("fast");
                $this.text(function(i, text){
                    if (text === 'View') {
                        return 'Hide';
                    } else {
                        return 'View';
                    };
                });
            });
        });
    </script>
</body>
</html